13:12:08.115 karate.env:  
13:12:09.183 request:
1 > POST https://petstore.swagger.io/v2/pet/
1 > Accept-Encoding: gzip,deflate
1 > Connection: Keep-Alive
1 > Content-Length: 144
1 > Content-Type: application/json; charset=UTF-8
1 > Host: petstore.swagger.io
1 > User-Agent: Apache-HttpClient/4.5.11 (Java/1.8.0_301)
{"id":774,"category":{"id":0,"name":"<categoryname>"},"name":"jbPNS","photoUrls":["string"],"tags":[{"id":0,"name":"<tag>"}],"status":"pending"}

13:12:10.420 response time in milliseconds: 1231.87
1 < 200
1 < Access-Control-Allow-Headers: Content-Type, api_key, Authorization
1 < Access-Control-Allow-Methods: GET, POST, DELETE, PUT
1 < Access-Control-Allow-Origin: *
1 < Connection: keep-alive
1 < Content-Type: application/json
1 < Date: Tue, 21 Jun 2022 07:42:10 GMT
1 < Server: Jetty(9.2.9.v20150224)
1 < Transfer-Encoding: chunked
{"id":774,"category":{"id":0,"name":"<categoryname>"},"name":"jbPNS","photoUrls":["string"],"tags":[{"id":0,"name":"<tag>"}],"status":"pending"}

13:12:10.426 [print] {
  "photoUrls": [
    "string"
  ],
  "name": "jbPNS",
  "id": 774,
  "category": {
    "name": "<categoryname>",
    "id": 0
  },
  "tags": [
    {
      "name": "<tag>",
      "id": 0
    }
  ],
  "status": "pending"
}

13:12:10.440 [print] 774
13:12:10.445 request:
2 > POST https://petstore.swagger.io/v2/pet/774
2 > Accept-Encoding: gzip,deflate
2 > Connection: Keep-Alive
2 > Content-Length: 24
2 > Content-Type: application/x-www-form-urlencoded; charset=UTF-8
2 > Host: petstore.swagger.io
2 > User-Agent: Apache-HttpClient/4.5.11 (Java/1.8.0_301)
name=test&status=pending

13:12:11.956 response time in milliseconds: 1509.51
2 < 200
2 < Access-Control-Allow-Headers: Content-Type, api_key, Authorization
2 < Access-Control-Allow-Methods: GET, POST, DELETE, PUT
2 < Access-Control-Allow-Origin: *
2 < Connection: keep-alive
2 < Content-Type: application/json
2 < Date: Tue, 21 Jun 2022 07:42:11 GMT
2 < Server: Jetty(9.2.9.v20150224)
2 < Transfer-Encoding: chunked
{"code":200,"type":"unknown","message":"774"}

13:12:11.958 [print] {
  "code": 200,
  "type": "unknown",
  "message": "774"
}

